빌드 시작: 2017-04-19 오후 1:50:41
     1>2 노드의 "C:\Users\USER\Documents\Visual Studio 2013\Projects\BroadCast\SystemLog\SystemLog\SystemLog.vcxproj" 프로젝트(Build 대상)입니다.
     1>ClCompile:
         C:\Program Files (x86)\Microsoft Visual Studio 12.0\VC\bin\CL.exe /c /ZI /nologo /W3 /WX- /sdl /Od /Oy- /D WIN32 /D _DEBUG /D _CONSOLE /D _LIB /D _UNICODE /D UNICODE /Gm /EHsc /RTC1 /MDd /GS /fp:precise /Zc:wchar_t /Zc:forScope /Yc"stdafx.h" /Fp"Debug\SystemLog.pch" /Fo"Debug\\" /Fd"Debug\vc120.pdb" /Gd /TP /analyze- /errorReport:prompt stdafx.cpp
         stdafx.cpp
     1>c:\users\user\documents\visual studio 2013\projects\broadcast\systemlog\systemlog\systemlog.h(21): error C2059: 구문 오류 : '{'
     1>c:\users\user\documents\visual studio 2013\projects\broadcast\systemlog\systemlog\systemlog.h(21): error C2334: '{' 앞에 예기치 않은 토큰이 있습니다. 명백한 함수 본문을 건너뜁니다.
     1>c:\users\user\documents\visual studio 2013\projects\broadcast\systemlog\systemlog\systemlog.h(163): warning C4091: 'static ' : 변수를 선언하지 않으면 'CSystemLog' 왼쪽은 무시됩니다.
     1>"C:\Users\USER\Documents\Visual Studio 2013\Projects\BroadCast\SystemLog\SystemLog\SystemLog.vcxproj" 프로젝트를 빌드했습니다(Build 대상). - 실패

빌드하지 못했습니다.

경과 시간: 00:00:01.68
